<?xml version="1.0" encoding="UTF-8"?>
<!-- Generated by org.testng.reporters.JUnitXMLReporter -->
<testsuite ignored="0" hostname="MAVCHN0522188" failures="0" tests="4" name="Default test" time="34.194" errors="0" timestamp="2023-02-28T22:06:01 IST">
  <testcase classname="saucedemoTest.SauceTest" name="selectMultiProduct" time="10.401"/>
  <testcase classname="saucedemoTest.SauceTest" name="validateValidLogin" time="4.103"/>
  <testcase classname="saucedemoTest.SauceTest" name="validInvalidLogin" time="15.202"/>
  <testcase classname="saucedemoTest.SauceTest" name="selectSingleProduct" time="4.44"/>
</testsuite> <!-- Default test -->
